{
  "stats": {
    "suites": 83,
    "tests": 68,
    "passes": 68,
    "pending": 0,
    "failures": 0,
    "start": "2017-01-06T11:08:05.297Z",
    "end": "2017-01-06T11:08:41.306Z",
    "duration": 36009,
    "testsRegistered": 70,
    "passPercent": 97.1,
    "pendingPercent": 0,
    "other": 2,
    "hasOther": true,
    "skipped": 2,
    "hasSkipped": true,
    "passPercentClass": "success",
    "pendingPercentClass": "danger"
  },
  "suites": {
    "title": "",
    "suites": [
      {
        "title": "Community API:",
        "suites": [
          {
            "title": "Adding a Community",
            "suites": [],
            "tests": [
              {
                "title": "should respond with the newly created community",
                "fullTitle": "Community API: Adding a Community should respond with the newly created community",
                "timedOut": false,
                "duration": 3890,
                "state": "passed",
                "speed": "slow",
                "pass": true,
                "fail": false,
                "pending": false,
                "code": "(0, _supertest2.default)(app).post('/api/community').send({\n  communityName: 'New Community',\n  address: {\n    address1: 'whitehouse',\n    address2: 'avenue colony',\n    locality: 'roopa apartments',\n    landmark: 'near mainroad',\n    city: \"WashingtonDC\",\n    pincode: \"524201\"\n  },\n  emailId: 'test@guwha.com',\n  password: '123456789',\n  phoneNumber: '8143381405'\n}).expect(201).expect('Content-Type', /json/).end(function (err, res) {\n  // if (err) {\n  //   return done(err);\n  // }\n  // console.log(\"hello \"+res.body);\n  newCommunity = res.body;\n  console.log(newCommunity);\n  done();\n});",
                "err": {},
                "isRoot": false,
                "uuid": "f9fcc66d-d687-4065-856e-23c8c58ef4d0",
                "parentUUID": "d38e9f9e-157e-42a3-b7c1-15db23798dfb",
                "skipped": false
              },
              {
                "title": "should response already community is created",
                "fullTitle": "Community API: Adding a Community should response already community is created",
                "timedOut": false,
                "duration": 4,
                "state": "passed",
                "speed": "fast",
                "pass": true,
                "fail": false,
                "pending": false,
                "code": "(0, _supertest2.default)(app).post('/api/community').send({\n  communityName: 'New Community',\n  address: {\n    address1: 'whitehouse',\n    address2: 'avenue colony',\n    locality: 'roopa apartments',\n    landmark: 'near mainroad',\n    city: \"WashingtonDC\",\n    pincode: \"524201\"\n  },\n  emailId: 'test@guwha.com',\n  password: \"123456789\",\n  phoneNumber: '8143381405'\n}).expect(500).end(function (err, res) {\n  if (err) {\n    return err;\n  }\n});",
                "err": {},
                "isRoot": false,
                "uuid": "d238da1a-50c7-4ed1-8575-7adf195e35a7",
                "parentUUID": "d38e9f9e-157e-42a3-b7c1-15db23798dfb",
                "skipped": false
              }
            ],
            "pending": [],
            "root": false,
            "_timeout": 5000,
            "file": "\\server\\api\\community\\community.integration.js",
            "uuid": "d38e9f9e-157e-42a3-b7c1-15db23798dfb",
            "fullFile": "N:\\Work\\Guwha latest\\guwha\\server\\api\\community\\community.integration.js",
            "passes": [
              {
                "title": "should respond with the newly created community",
                "fullTitle": "Community API: Adding a Community should respond with the newly created community",
                "timedOut": false,
                "duration": 3890,
                "state": "passed",
                "speed": "slow",
                "pass": true,
                "fail": false,
                "pending": false,
                "code": "(0, _supertest2.default)(app).post('/api/community').send({\n  communityName: 'New Community',\n  address: {\n    address1: 'whitehouse',\n    address2: 'avenue colony',\n    locality: 'roopa apartments',\n    landmark: 'near mainroad',\n    city: \"WashingtonDC\",\n    pincode: \"524201\"\n  },\n  emailId: 'test@guwha.com',\n  password: '123456789',\n  phoneNumber: '8143381405'\n}).expect(201).expect('Content-Type', /json/).end(function (err, res) {\n  // if (err) {\n  //   return done(err);\n  // }\n  // console.log(\"hello \"+res.body);\n  newCommunity = res.body;\n  console.log(newCommunity);\n  done();\n});",
                "err": {},
                "isRoot": false,
                "uuid": "f9fcc66d-d687-4065-856e-23c8c58ef4d0",
                "parentUUID": "d38e9f9e-157e-42a3-b7c1-15db23798dfb",
                "skipped": false
              },
              {
                "title": "should response already community is created",
                "fullTitle": "Community API: Adding a Community should response already community is created",
                "timedOut": false,
                "duration": 4,
                "state": "passed",
                "speed": "fast",
                "pass": true,
                "fail": false,
                "pending": false,
                "code": "(0, _supertest2.default)(app).post('/api/community').send({\n  communityName: 'New Community',\n  address: {\n    address1: 'whitehouse',\n    address2: 'avenue colony',\n    locality: 'roopa apartments',\n    landmark: 'near mainroad',\n    city: \"WashingtonDC\",\n    pincode: \"524201\"\n  },\n  emailId: 'test@guwha.com',\n  password: \"123456789\",\n  phoneNumber: '8143381405'\n}).expect(500).end(function (err, res) {\n  if (err) {\n    return err;\n  }\n});",
                "err": {},
                "isRoot": false,
                "uuid": "d238da1a-50c7-4ed1-8575-7adf195e35a7",
                "parentUUID": "d38e9f9e-157e-42a3-b7c1-15db23798dfb",
                "skipped": false
              }
            ],
            "failures": [],
            "skipped": [],
            "hasTests": true,
            "hasSuites": false,
            "totalTests": 2,
            "totalPasses": 2,
            "totalFailures": 0,
            "totalPending": 0,
            "totalSkipped": 0,
            "hasPasses": true,
            "hasFailures": false,
            "hasPending": false,
            "hasSkipped": false,
            "duration": 3894
          },
          {
            "title": "POST /api/community/suggestions",
            "suites": [],
            "tests": [
              {
                "title": "show communityName",
                "fullTitle": "Community API: POST /api/community/suggestions show communityName",
                "timedOut": false,
                "duration": 0,
                "state": "passed",
                "speed": "fast",
                "pass": true,
                "fail": false,
                "pending": false,
                "code": "response[0].communityName == 'New Community';",
                "err": {},
                "isRoot": false,
                "uuid": "a80d315e-78cd-4a81-af10-4c52c9cc6be5",
                "parentUUID": "3d0d37ef-eb8e-4bad-85d5-810745d33c7f",
                "skipped": false
              }
            ],
            "pending": [],
            "root": false,
            "_timeout": 5000,
            "file": "\\server\\api\\community\\community.integration.js",
            "uuid": "3d0d37ef-eb8e-4bad-85d5-810745d33c7f",
            "fullFile": "N:\\Work\\Guwha latest\\guwha\\server\\api\\community\\community.integration.js",
            "passes": [
              {
                "title": "show communityName",
                "fullTitle": "Community API: POST /api/community/suggestions show communityName",
                "timedOut": false,
                "duration": 0,
                "state": "passed",
                "speed": "fast",
                "pass": true,
                "fail": false,
                "pending": false,
                "code": "response[0].communityName == 'New Community';",
                "err": {},
                "isRoot": false,
                "uuid": "a80d315e-78cd-4a81-af10-4c52c9cc6be5",
                "parentUUID": "3d0d37ef-eb8e-4bad-85d5-810745d33c7f",
                "skipped": false
              }
            ],
            "failures": [],
            "skipped": [],
            "hasTests": true,
            "hasSuites": false,
            "totalTests": 1,
            "totalPasses": 1,
            "totalFailures": 0,
            "totalPending": 0,
            "totalSkipped": 0,
            "hasPasses": true,
            "hasFailures": false,
            "hasPending": false,
            "hasSkipped": false,
            "duration": 0
          },
          {
            "title": "POST /api/community/getCommunityBlocks",
            "suites": [],
            "tests": [
              {
                "title": "should respond selectedblocks",
                "fullTitle": "Community API: POST /api/community/getCommunityBlocks should respond selectedblocks",
                "timedOut": false,
                "duration": 0,
                "state": "passed",
                "speed": "fast",
                "pass": true,
                "fail": false,
                "pending": false,
                "code": "communitys.blocks.blockName == 'GuwhaBlock';",
                "err": {},
                "isRoot": false,
                "uuid": "6c193326-f2d5-4437-a37f-5eb4c1159c53",
                "parentUUID": "6eebe29c-afc6-42f6-a439-d91787d581dc",
                "skipped": false
              }
            ],
            "pending": [],
            "root": false,
            "_timeout": 5000,
            "file": "\\server\\api\\community\\community.integration.js",
            "uuid": "6eebe29c-afc6-42f6-a439-d91787d581dc",
            "fullFile": "N:\\Work\\Guwha latest\\guwha\\server\\api\\community\\community.integration.js",
            "passes": [
              {
                "title": "should respond selectedblocks",
                "fullTitle": "Community API: POST /api/community/getCommunityBlocks should respond selectedblocks",
                "timedOut": false,
                "duration": 0,
                "state": "passed",
                "speed": "fast",
                "pass": true,
                "fail": false,
                "pending": false,
                "code": "communitys.blocks.blockName == 'GuwhaBlock';",
                "err": {},
                "isRoot": false,
                "uuid": "6c193326-f2d5-4437-a37f-5eb4c1159c53",
                "parentUUID": "6eebe29c-afc6-42f6-a439-d91787d581dc",
                "skipped": false
              }
            ],
            "failures": [],
            "skipped": [],
            "hasTests": true,
            "hasSuites": false,
            "totalTests": 1,
            "totalPasses": 1,
            "totalFailures": 0,
            "totalPending": 0,
            "totalSkipped": 0,
            "hasPasses": true,
            "hasFailures": false,
            "hasPending": false,
            "hasSkipped": false,
            "duration": 0
          }
        ],
        "tests": [],
        "pending": [],
        "root": false,
        "_timeout": 5000,
        "file": "\\server\\api\\community\\community.integration.js",
        "uuid": "cf4d2d39-260e-4cb8-94d1-adfd88cf6860",
        "fullFile": "N:\\Work\\Guwha latest\\guwha\\server\\api\\community\\community.integration.js",
        "passes": [],
        "failures": [],
        "skipped": [],
        "hasTests": false,
        "hasSuites": true,
        "totalTests": 0,
        "totalPasses": 0,
        "totalFailures": 0,
        "totalPending": 0,
        "totalSkipped": 0,
        "hasPasses": false,
        "hasFailures": false,
        "hasPending": false,
        "hasSkipped": false,
        "duration": 0
      },
      {
        "title": "User API:",
        "suites": [
          {
            "title": "GET /api/users/me",
            "suites": [],
            "tests": [
              {
                "title": "should respond with a user profile when authenticated",
                "fullTitle": "User API: GET /api/users/me should respond with a user profile when authenticated",
                "timedOut": false,
                "duration": 682,
                "state": "passed",
                "speed": "slow",
                "pass": true,
                "fail": false,
                "pending": false,
                "code": "(0, _supertest2.default)(_2.default).get('/api/users/me').set('authorization', 'Bearer ' + token).expect(200).expect('Content-Type', /json/).end(function (err, res) {\n  done();\n});",
                "err": {},
                "isRoot": false,
                "uuid": "77024762-2551-4792-b299-c8b0c506a982",
                "parentUUID": "97cd512c-2f32-443c-853d-16569f07bbeb",
                "skipped": false
              },
              {
                "title": "should respond with a 401 when not authenticated",
                "fullTitle": "User API: GET /api/users/me should respond with a 401 when not authenticated",
                "timedOut": false,
                "duration": 244,
                "state": "passed",
                "speed": "slow",
                "pass": true,
                "fail": false,
                "pending": false,
                "code": "(0, _supertest2.default)(_2.default).get('/api/users/me').expect(401).end(done);",
                "err": {},
                "isRoot": false,
                "uuid": "12be00d8-22cb-4f99-a980-f8352e1d8e9b",
                "parentUUID": "97cd512c-2f32-443c-853d-16569f07bbeb",
                "skipped": false
              }
            ],
            "pending": [],
            "root": false,
            "_timeout": 5000,
            "file": "\\server\\api\\user\\user.integration.js",
            "uuid": "97cd512c-2f32-443c-853d-16569f07bbeb",
            "fullFile": "N:\\Work\\Guwha latest\\guwha\\server\\api\\user\\user.integration.js",
            "passes": [
              {
                "title": "should respond with a user profile when authenticated",
                "fullTitle": "User API: GET /api/users/me should respond with a user profile when authenticated",
                "timedOut": false,
                "duration": 682,
                "state": "passed",
                "speed": "slow",
                "pass": true,
                "fail": false,
                "pending": false,
                "code": "(0, _supertest2.default)(_2.default).get('/api/users/me').set('authorization', 'Bearer ' + token).expect(200).expect('Content-Type', /json/).end(function (err, res) {\n  done();\n});",
                "err": {},
                "isRoot": false,
                "uuid": "77024762-2551-4792-b299-c8b0c506a982",
                "parentUUID": "97cd512c-2f32-443c-853d-16569f07bbeb",
                "skipped": false
              },
              {
                "title": "should respond with a 401 when not authenticated",
                "fullTitle": "User API: GET /api/users/me should respond with a 401 when not authenticated",
                "timedOut": false,
                "duration": 244,
                "state": "passed",
                "speed": "slow",
                "pass": true,
                "fail": false,
                "pending": false,
                "code": "(0, _supertest2.default)(_2.default).get('/api/users/me').expect(401).end(done);",
                "err": {},
                "isRoot": false,
                "uuid": "12be00d8-22cb-4f99-a980-f8352e1d8e9b",
                "parentUUID": "97cd512c-2f32-443c-853d-16569f07bbeb",
                "skipped": false
              }
            ],
            "failures": [],
            "skipped": [],
            "hasTests": true,
            "hasSuites": false,
            "totalTests": 2,
            "totalPasses": 2,
            "totalFailures": 0,
            "totalPending": 0,
            "totalSkipped": 0,
            "hasPasses": true,
            "hasFailures": false,
            "hasPending": false,
            "hasSkipped": false,
            "duration": 926
          },
          {
            "title": "Adding a blocks in community",
            "suites": [],
            "tests": [
              {
                "title": "newly created community",
                "fullTitle": "User API: Adding a blocks in community newly created community",
                "timedOut": false,
                "duration": 467,
                "state": "passed",
                "speed": "slow",
                "pass": true,
                "fail": false,
                "pending": false,
                "code": "var req = (0, _supertest2.default)(_2.default).post('/api/community/blocks');\nfinalToken = getToken();\nreq.cookies = finalToken;\nreq.send({\n  blocks: {\n    blockName: 'GuwhaBlock'\n  }\n});\nreq.expect(201).expect('Content-Type', /json/).end(function (err, res) {\n  if (err) {\n    console.log(\"als\" + err);\n    return done(err);\n  }\n  newCommunity = res.body;\n  done();\n});",
                "err": {},
                "isRoot": false,
                "uuid": "94173d68-27de-4a66-b61f-b801beed7318",
                "parentUUID": "dbef1457-d347-4835-b413-dae4839210cb",
                "skipped": false
              }
            ],
            "pending": [],
            "root": false,
            "_timeout": 5000,
            "file": "\\server\\api\\user\\user.integration.js",
            "uuid": "dbef1457-d347-4835-b413-dae4839210cb",
            "fullFile": "N:\\Work\\Guwha latest\\guwha\\server\\api\\user\\user.integration.js",
            "passes": [
              {
                "title": "newly created community",
                "fullTitle": "User API: Adding a blocks in community newly created community",
                "timedOut": false,
                "duration": 467,
                "state": "passed",
                "speed": "slow",
                "pass": true,
                "fail": false,
                "pending": false,
                "code": "var req = (0, _supertest2.default)(_2.default).post('/api/community/blocks');\nfinalToken = getToken();\nreq.cookies = finalToken;\nreq.send({\n  blocks: {\n    blockName: 'GuwhaBlock'\n  }\n});\nreq.expect(201).expect('Content-Type', /json/).end(function (err, res) {\n  if (err) {\n    console.log(\"als\" + err);\n    return done(err);\n  }\n  newCommunity = res.body;\n  done();\n});",
                "err": {},
                "isRoot": false,
                "uuid": "94173d68-27de-4a66-b61f-b801beed7318",
                "parentUUID": "dbef1457-d347-4835-b413-dae4839210cb",
                "skipped": false
              }
            ],
            "failures": [],
            "skipped": [],
            "hasTests": true,
            "hasSuites": false,
            "totalTests": 1,
            "totalPasses": 1,
            "totalFailures": 0,
            "totalPending": 0,
            "totalSkipped": 0,
            "hasPasses": true,
            "hasFailures": false,
            "hasPending": false,
            "hasSkipped": false,
            "duration": 467
          },
          {
            "title": "adding a floors ",
            "suites": [],
            "tests": [
              {
                "title": "Adding a floor",
                "fullTitle": "User API: adding a floors  Adding a floor",
                "timedOut": false,
                "duration": 458,
                "state": "passed",
                "speed": "slow",
                "pass": true,
                "fail": false,
                "pending": false,
                "code": "var req = (0, _supertest2.default)(_2.default).post('/api/community/floors');\nfinalToken = getToken();\nreq.cookies = finalToken;\nreq.send({\n  blockName: \"GuwhaBlock\",\n  floors: [{\n    'floorNumber': 1,\n    'flatNumbers': [\"101\", \"102\", \"103\"]\n  }]\n});\nreq.expect(200).expect('Content-Type', /json/).end(function (err, res) {\n  newCommunity = res.body;\n  if (err) {\n    return done(err);\n  }\n  done();\n});",
                "err": {},
                "isRoot": false,
                "uuid": "e792d4a6-65cd-4c89-890e-be5391e14a8e",
                "parentUUID": "3b6d5048-9f9e-4288-82c0-ac5e6a4b179e",
                "skipped": false
              }
            ],
            "pending": [],
            "root": false,
            "_timeout": 5000,
            "file": "\\server\\api\\user\\user.integration.js",
            "uuid": "3b6d5048-9f9e-4288-82c0-ac5e6a4b179e",
            "fullFile": "N:\\Work\\Guwha latest\\guwha\\server\\api\\user\\user.integration.js",
            "passes": [
              {
                "title": "Adding a floor",
                "fullTitle": "User API: adding a floors  Adding a floor",
                "timedOut": false,
                "duration": 458,
                "state": "passed",
                "speed": "slow",
                "pass": true,
                "fail": false,
                "pending": false,
                "code": "var req = (0, _supertest2.default)(_2.default).post('/api/community/floors');\nfinalToken = getToken();\nreq.cookies = finalToken;\nreq.send({\n  blockName: \"GuwhaBlock\",\n  floors: [{\n    'floorNumber': 1,\n    'flatNumbers': [\"101\", \"102\", \"103\"]\n  }]\n});\nreq.expect(200).expect('Content-Type', /json/).end(function (err, res) {\n  newCommunity = res.body;\n  if (err) {\n    return done(err);\n  }\n  done();\n});",
                "err": {},
                "isRoot": false,
                "uuid": "e792d4a6-65cd-4c89-890e-be5391e14a8e",
                "parentUUID": "3b6d5048-9f9e-4288-82c0-ac5e6a4b179e",
                "skipped": false
              }
            ],
            "failures": [],
            "skipped": [],
            "hasTests": true,
            "hasSuites": false,
            "totalTests": 1,
            "totalPasses": 1,
            "totalFailures": 0,
            "totalPending": 0,
            "totalSkipped": 0,
            "hasPasses": true,
            "hasFailures": false,
            "hasPending": false,
            "hasSkipped": false,
            "duration": 458
          },
          {
            "title": "POST /api/community/setSecurityLevel",
            "suites": [],
            "tests": [
              {
                "title": "should respond selectedblocks",
                "fullTitle": "User API: POST /api/community/setSecurityLevel should respond selectedblocks",
                "timedOut": false,
                "duration": 0,
                "state": "passed",
                "speed": "fast",
                "pass": true,
                "fail": false,
                "pending": false,
                "code": "communitys.securityLevel == 'STRICT';",
                "err": {},
                "isRoot": false,
                "uuid": "435ba02b-6c88-47d2-a1a7-cd1a7d62a32e",
                "parentUUID": "9b0cff6a-9ce5-45df-977d-bf274c9c3e5c",
                "skipped": false
              }
            ],
            "pending": [],
            "root": false,
            "_timeout": 5000,
            "file": "\\server\\api\\user\\user.integration.js",
            "uuid": "9b0cff6a-9ce5-45df-977d-bf274c9c3e5c",
            "fullFile": "N:\\Work\\Guwha latest\\guwha\\server\\api\\user\\user.integration.js",
            "passes": [
              {
                "title": "should respond selectedblocks",
                "fullTitle": "User API: POST /api/community/setSecurityLevel should respond selectedblocks",
                "timedOut": false,
                "duration": 0,
                "state": "passed",
                "speed": "fast",
                "pass": true,
                "fail": false,
                "pending": false,
                "code": "communitys.securityLevel == 'STRICT';",
                "err": {},
                "isRoot": false,
                "uuid": "435ba02b-6c88-47d2-a1a7-cd1a7d62a32e",
                "parentUUID": "9b0cff6a-9ce5-45df-977d-bf274c9c3e5c",
                "skipped": false
              }
            ],
            "failures": [],
            "skipped": [],
            "hasTests": true,
            "hasSuites": false,
            "totalTests": 1,
            "totalPasses": 1,
            "totalFailures": 0,
            "totalPending": 0,
            "totalSkipped": 0,
            "hasPasses": true,
            "hasFailures": false,
            "hasPending": false,
            "hasSkipped": false,
            "duration": 0
          },
          {
            "title": "POST /api/users/changeprofile",
            "suites": [],
            "tests": [
              {
                "title": "should respond with emailId",
                "fullTitle": "User API: POST /api/users/changeprofile should respond with emailId",
                "timedOut": false,
                "duration": 0,
                "state": "passed",
                "speed": "fast",
                "pass": true,
                "fail": false,
                "pending": false,
                "code": "newdata.firstName == 'jithendrccda';",
                "err": {},
                "isRoot": false,
                "uuid": "82519071-632f-4009-8cec-9218c3e0c797",
                "parentUUID": "a97e0b00-dcd2-4a6c-8b64-964343a98d47",
                "skipped": false
              }
            ],
            "pending": [],
            "root": false,
            "_timeout": 5000,
            "file": "\\server\\api\\user\\user.integration.js",
            "uuid": "a97e0b00-dcd2-4a6c-8b64-964343a98d47",
            "fullFile": "N:\\Work\\Guwha latest\\guwha\\server\\api\\user\\user.integration.js",
            "passes": [
              {
                "title": "should respond with emailId",
                "fullTitle": "User API: POST /api/users/changeprofile should respond with emailId",
                "timedOut": false,
                "duration": 0,
                "state": "passed",
                "speed": "fast",
                "pass": true,
                "fail": false,
                "pending": false,
                "code": "newdata.firstName == 'jithendrccda';",
                "err": {},
                "isRoot": false,
                "uuid": "82519071-632f-4009-8cec-9218c3e0c797",
                "parentUUID": "a97e0b00-dcd2-4a6c-8b64-964343a98d47",
                "skipped": false
              }
            ],
            "failures": [],
            "skipped": [],
            "hasTests": true,
            "hasSuites": false,
            "totalTests": 1,
            "totalPasses": 1,
            "totalFailures": 0,
            "totalPending": 0,
            "totalSkipped": 0,
            "hasPasses": true,
            "hasFailures": false,
            "hasPending": false,
            "hasSkipped": false,
            "duration": 0
          },
          {
            "title": "POST /api/users/profile",
            "suites": [],
            "tests": [
              {
                "title": "should respond with user profile",
                "fullTitle": "User API: POST /api/users/profile should respond with user profile",
                "timedOut": false,
                "duration": 0,
                "state": "passed",
                "speed": "fast",
                "pass": true,
                "fail": false,
                "pending": false,
                "code": "}",
                "err": {},
                "isRoot": false,
                "uuid": "d255277f-3b6b-45b2-918f-b6bcc3c50217",
                "parentUUID": "bbaeaea4-2604-4204-9136-c5e6a4e4ec3c",
                "skipped": false
              }
            ],
            "pending": [],
            "root": false,
            "_timeout": 5000,
            "file": "\\server\\api\\user\\user.integration.js",
            "uuid": "bbaeaea4-2604-4204-9136-c5e6a4e4ec3c",
            "fullFile": "N:\\Work\\Guwha latest\\guwha\\server\\api\\user\\user.integration.js",
            "passes": [
              {
                "title": "should respond with user profile",
                "fullTitle": "User API: POST /api/users/profile should respond with user profile",
                "timedOut": false,
                "duration": 0,
                "state": "passed",
                "speed": "fast",
                "pass": true,
                "fail": false,
                "pending": false,
                "code": "}",
                "err": {},
                "isRoot": false,
                "uuid": "d255277f-3b6b-45b2-918f-b6bcc3c50217",
                "parentUUID": "bbaeaea4-2604-4204-9136-c5e6a4e4ec3c",
                "skipped": false
              }
            ],
            "failures": [],
            "skipped": [],
            "hasTests": true,
            "hasSuites": false,
            "totalTests": 1,
            "totalPasses": 1,
            "totalFailures": 0,
            "totalPending": 0,
            "totalSkipped": 0,
            "hasPasses": true,
            "hasFailures": false,
            "hasPending": false,
            "hasSkipped": false,
            "duration": 0
          }
        ],
        "tests": [],
        "pending": [],
        "root": false,
        "_timeout": 5000,
        "file": "\\server\\api\\user\\user.integration.js",
        "uuid": "fedcca38-e67f-4802-938c-60900ff976bc",
        "fullFile": "N:\\Work\\Guwha latest\\guwha\\server\\api\\user\\user.integration.js",
        "passes": [],
        "failures": [],
        "skipped": [],
        "hasTests": false,
        "hasSuites": true,
        "totalTests": 0,
        "totalPasses": 0,
        "totalFailures": 0,
        "totalPending": 0,
        "totalSkipped": 0,
        "hasPasses": false,
        "hasFailures": false,
        "hasPending": false,
        "hasSkipped": false,
        "duration": 0
      },
      {
        "title": "Approval API:",
        "suites": [
          {
            "title": "POST /api/approvals",
            "suites": [],
            "tests": [
              {
                "title": "should respond with the newly created approval",
                "fullTitle": "Approval API: POST /api/approvals should respond with the newly created approval",
                "timedOut": false,
                "duration": 0,
                "state": "passed",
                "speed": "fast",
                "pass": true,
                "fail": false,
                "pending": false,
                "code": "newApproval.firstname == 'SuriyaR';\n//newApproval.communityId == 1911;",
                "err": {},
                "isRoot": false,
                "uuid": "e9a8e92c-c80c-4d4f-a04f-4db5a910bc7e",
                "parentUUID": "14e2fe26-cebd-4918-b98e-c84a4ea7840e",
                "skipped": false
              }
            ],
            "pending": [],
            "root": false,
            "_timeout": 5000,
            "file": "\\server\\api\\approval\\approval.integration.js",
            "uuid": "14e2fe26-cebd-4918-b98e-c84a4ea7840e",
            "fullFile": "N:\\Work\\Guwha latest\\guwha\\server\\api\\approval\\approval.integration.js",
            "passes": [
              {
                "title": "should respond with the newly created approval",
                "fullTitle": "Approval API: POST /api/approvals should respond with the newly created approval",
                "timedOut": false,
                "duration": 0,
                "state": "passed",
                "speed": "fast",
                "pass": true,
                "fail": false,
                "pending": false,
                "code": "newApproval.firstname == 'SuriyaR';\n//newApproval.communityId == 1911;",
                "err": {},
                "isRoot": false,
                "uuid": "e9a8e92c-c80c-4d4f-a04f-4db5a910bc7e",
                "parentUUID": "14e2fe26-cebd-4918-b98e-c84a4ea7840e",
                "skipped": false
              }
            ],
            "failures": [],
            "skipped": [],
            "hasTests": true,
            "hasSuites": false,
            "totalTests": 1,
            "totalPasses": 1,
            "totalFailures": 0,
            "totalPending": 0,
            "totalSkipped": 0,
            "hasPasses": true,
            "hasFailures": false,
            "hasPending": false,
            "hasSkipped": false,
            "duration": 0
          },
          {
            "title": "GET /api/users/activeUsersCount",
            "suites": [],
            "tests": [
              {
                "title": "should respond with active users count",
                "fullTitle": "Approval API: GET /api/users/activeUsersCount should respond with active users count",
                "timedOut": false,
                "duration": 0,
                "state": "passed",
                "speed": "fast",
                "pass": true,
                "fail": false,
                "pending": false,
                "code": "activeuserscount == 0;",
                "err": {},
                "isRoot": false,
                "uuid": "286ce4f9-f71c-4614-9dae-b7de6e960204",
                "parentUUID": "5d25f4b8-348b-4dda-9304-908cab485cf5",
                "skipped": false
              }
            ],
            "pending": [],
            "root": false,
            "_timeout": 5000,
            "file": "\\server\\api\\approval\\approval.integration.js",
            "uuid": "5d25f4b8-348b-4dda-9304-908cab485cf5",
            "fullFile": "N:\\Work\\Guwha latest\\guwha\\server\\api\\approval\\approval.integration.js",
            "passes": [
              {
                "title": "should respond with active users count",
                "fullTitle": "Approval API: GET /api/users/activeUsersCount should respond with active users count",
                "timedOut": false,
                "duration": 0,
                "state": "passed",
                "speed": "fast",
                "pass": true,
                "fail": false,
                "pending": false,
                "code": "activeuserscount == 0;",
                "err": {},
                "isRoot": false,
                "uuid": "286ce4f9-f71c-4614-9dae-b7de6e960204",
                "parentUUID": "5d25f4b8-348b-4dda-9304-908cab485cf5",
                "skipped": false
              }
            ],
            "failures": [],
            "skipped": [],
            "hasTests": true,
            "hasSuites": false,
            "totalTests": 1,
            "totalPasses": 1,
            "totalFailures": 0,
            "totalPending": 0,
            "totalSkipped": 0,
            "hasPasses": true,
            "hasFailures": false,
            "hasPending": false,
            "hasSkipped": false,
            "duration": 0
          },
          {
            "title": "POST /api/approvals/approveUser",
            "suites": [],
            "tests": [
              {
                "title": "should respond with the newly created approval",
                "fullTitle": "Approval API: POST /api/approvals/approveUser should respond with the newly created approval",
                "timedOut": false,
                "duration": 0,
                "state": "passed",
                "speed": "fast",
                "pass": true,
                "fail": false,
                "pending": false,
                "code": "newApproval.firstname == 'Suriya';\n//newApproval.communityId == 1009;",
                "err": {},
                "isRoot": false,
                "uuid": "983035af-5135-4b31-818c-bbd811fcb584",
                "parentUUID": "dee5d100-77ee-4cf8-85a3-45891dc9b80a",
                "skipped": false
              }
            ],
            "pending": [],
            "root": false,
            "_timeout": 5000,
            "file": "\\server\\api\\approval\\approval.integration.js",
            "uuid": "dee5d100-77ee-4cf8-85a3-45891dc9b80a",
            "fullFile": "N:\\Work\\Guwha latest\\guwha\\server\\api\\approval\\approval.integration.js",
            "passes": [
              {
                "title": "should respond with the newly created approval",
                "fullTitle": "Approval API: POST /api/approvals/approveUser should respond with the newly created approval",
                "timedOut": false,
                "duration": 0,
                "state": "passed",
                "speed": "fast",
                "pass": true,
                "fail": false,
                "pending": false,
                "code": "newApproval.firstname == 'Suriya';\n//newApproval.communityId == 1009;",
                "err": {},
                "isRoot": false,
                "uuid": "983035af-5135-4b31-818c-bbd811fcb584",
                "parentUUID": "dee5d100-77ee-4cf8-85a3-45891dc9b80a",
                "skipped": false
              }
            ],
            "failures": [],
            "skipped": [],
            "hasTests": true,
            "hasSuites": false,
            "totalTests": 1,
            "totalPasses": 1,
            "totalFailures": 0,
            "totalPending": 0,
            "totalSkipped": 0,
            "hasPasses": true,
            "hasFailures": false,
            "hasPending": false,
            "hasSkipped": false,
            "duration": 0
          },
          {
            "title": "POST /api/approvals/rejectuser",
            "suites": [],
            "tests": [
              {
                "title": "should respond with the newly created approval",
                "fullTitle": "Approval API: POST /api/approvals/rejectuser should respond with the newly created approval",
                "timedOut": false,
                "duration": 0,
                "state": "passed",
                "speed": "fast",
                "pass": true,
                "fail": false,
                "pending": false,
                "code": "newApproval.emailId == 'rsmb@als.com';\n//newApproval.communityId == 1911;",
                "err": {},
                "isRoot": false,
                "uuid": "9cdedc4d-7b43-448c-821c-b92acc2fa8f9",
                "parentUUID": "493bf41d-0fce-4b1d-8823-8c585df1dd59",
                "skipped": false
              }
            ],
            "pending": [],
            "root": false,
            "_timeout": 5000,
            "file": "\\server\\api\\approval\\approval.integration.js",
            "uuid": "493bf41d-0fce-4b1d-8823-8c585df1dd59",
            "fullFile": "N:\\Work\\Guwha latest\\guwha\\server\\api\\approval\\approval.integration.js",
            "passes": [
              {
                "title": "should respond with the newly created approval",
                "fullTitle": "Approval API: POST /api/approvals/rejectuser should respond with the newly created approval",
                "timedOut": false,
                "duration": 0,
                "state": "passed",
                "speed": "fast",
                "pass": true,
                "fail": false,
                "pending": false,
                "code": "newApproval.emailId == 'rsmb@als.com';\n//newApproval.communityId == 1911;",
                "err": {},
                "isRoot": false,
                "uuid": "9cdedc4d-7b43-448c-821c-b92acc2fa8f9",
                "parentUUID": "493bf41d-0fce-4b1d-8823-8c585df1dd59",
                "skipped": false
              }
            ],
            "failures": [],
            "skipped": [],
            "hasTests": true,
            "hasSuites": false,
            "totalTests": 1,
            "totalPasses": 1,
            "totalFailures": 0,
            "totalPending": 0,
            "totalSkipped": 0,
            "hasPasses": true,
            "hasFailures": false,
            "hasPending": false,
            "hasSkipped": false,
            "duration": 0
          },
          {
            "title": "POST /api/approvals/getApprovals",
            "suites": [],
            "tests": [
              {
                "title": "should respond with the newly created approval",
                "fullTitle": "Approval API: POST /api/approvals/getApprovals should respond with the newly created approval",
                "timedOut": false,
                "duration": 0,
                "state": "passed",
                "speed": "fast",
                "pass": true,
                "fail": false,
                "pending": false,
                "code": "var communityInfo = (0, _communityIntegration.communityDetails)();\nnewApproval.communityId == communityInfo.communityId;",
                "err": {},
                "isRoot": false,
                "uuid": "deaa919a-2f9f-40ec-b145-d80032cba2a7",
                "parentUUID": "dfa13c9e-153b-4139-9a15-91894badf676",
                "skipped": false
              }
            ],
            "pending": [],
            "root": false,
            "_timeout": 5000,
            "file": "\\server\\api\\approval\\approval.integration.js",
            "uuid": "dfa13c9e-153b-4139-9a15-91894badf676",
            "fullFile": "N:\\Work\\Guwha latest\\guwha\\server\\api\\approval\\approval.integration.js",
            "passes": [
              {
                "title": "should respond with the newly created approval",
                "fullTitle": "Approval API: POST /api/approvals/getApprovals should respond with the newly created approval",
                "timedOut": false,
                "duration": 0,
                "state": "passed",
                "speed": "fast",
                "pass": true,
                "fail": false,
                "pending": false,
                "code": "var communityInfo = (0, _communityIntegration.communityDetails)();\nnewApproval.communityId == communityInfo.communityId;",
                "err": {},
                "isRoot": false,
                "uuid": "deaa919a-2f9f-40ec-b145-d80032cba2a7",
                "parentUUID": "dfa13c9e-153b-4139-9a15-91894badf676",
                "skipped": false
              }
            ],
            "failures": [],
            "skipped": [],
            "hasTests": true,
            "hasSuites": false,
            "totalTests": 1,
            "totalPasses": 1,
            "totalFailures": 0,
            "totalPending": 0,
            "totalSkipped": 0,
            "hasPasses": true,
            "hasFailures": false,
            "hasPending": false,
            "hasSkipped": false,
            "duration": 0
          },
          {
            "title": "POST /api/approvals/inactive",
            "suites": [],
            "tests": [
              {
                "title": "should respond with the newly created approval",
                "fullTitle": "Approval API: POST /api/approvals/inactive should respond with the newly created approval",
                "timedOut": false,
                "duration": 0,
                "state": "passed",
                "speed": "fast",
                "pass": true,
                "fail": false,
                "pending": false,
                "code": "//newApproval.firstname == 'Surya'",
                "err": {},
                "isRoot": false,
                "uuid": "ad4083c0-32a9-46e2-ba36-7f0151aee8f9",
                "parentUUID": "bcbedaf6-1c70-4f5b-98fb-918aeefbd5a7",
                "skipped": false
              }
            ],
            "pending": [],
            "root": false,
            "_timeout": 5000,
            "file": "\\server\\api\\approval\\approval.integration.js",
            "uuid": "bcbedaf6-1c70-4f5b-98fb-918aeefbd5a7",
            "fullFile": "N:\\Work\\Guwha latest\\guwha\\server\\api\\approval\\approval.integration.js",
            "passes": [
              {
                "title": "should respond with the newly created approval",
                "fullTitle": "Approval API: POST /api/approvals/inactive should respond with the newly created approval",
                "timedOut": false,
                "duration": 0,
                "state": "passed",
                "speed": "fast",
                "pass": true,
                "fail": false,
                "pending": false,
                "code": "//newApproval.firstname == 'Surya'",
                "err": {},
                "isRoot": false,
                "uuid": "ad4083c0-32a9-46e2-ba36-7f0151aee8f9",
                "parentUUID": "bcbedaf6-1c70-4f5b-98fb-918aeefbd5a7",
                "skipped": false
              }
            ],
            "failures": [],
            "skipped": [],
            "hasTests": true,
            "hasSuites": false,
            "totalTests": 1,
            "totalPasses": 1,
            "totalFailures": 0,
            "totalPending": 0,
            "totalSkipped": 0,
            "hasPasses": true,
            "hasFailures": false,
            "hasPending": false,
            "hasSkipped": false,
            "duration": 0
          },
          {
            "title": "GET /api/users/activeUsersCount",
            "suites": [],
            "tests": [
              {
                "title": "should respond with active users count",
                "fullTitle": "Approval API: GET /api/users/activeUsersCount should respond with active users count",
                "timedOut": false,
                "duration": 0,
                "state": "passed",
                "speed": "fast",
                "pass": true,
                "fail": false,
                "pending": false,
                "code": "activeuserscount == 1;",
                "err": {},
                "isRoot": false,
                "uuid": "047a919a-a80a-4f26-a720-eeab788b3498",
                "parentUUID": "a0714d9e-2ef7-45be-b7f4-60e242c39f05",
                "skipped": false
              }
            ],
            "pending": [],
            "root": false,
            "_timeout": 5000,
            "file": "\\server\\api\\approval\\approval.integration.js",
            "uuid": "a0714d9e-2ef7-45be-b7f4-60e242c39f05",
            "fullFile": "N:\\Work\\Guwha latest\\guwha\\server\\api\\approval\\approval.integration.js",
            "passes": [
              {
                "title": "should respond with active users count",
                "fullTitle": "Approval API: GET /api/users/activeUsersCount should respond with active users count",
                "timedOut": false,
                "duration": 0,
                "state": "passed",
                "speed": "fast",
                "pass": true,
                "fail": false,
                "pending": false,
                "code": "activeuserscount == 1;",
                "err": {},
                "isRoot": false,
                "uuid": "047a919a-a80a-4f26-a720-eeab788b3498",
                "parentUUID": "a0714d9e-2ef7-45be-b7f4-60e242c39f05",
                "skipped": false
              }
            ],
            "failures": [],
            "skipped": [],
            "hasTests": true,
            "hasSuites": false,
            "totalTests": 1,
            "totalPasses": 1,
            "totalFailures": 0,
            "totalPending": 0,
            "totalSkipped": 0,
            "hasPasses": true,
            "hasFailures": false,
            "hasPending": false,
            "hasSkipped": false,
            "duration": 0
          },
          {
            "title": "GET /api/users/activeusers",
            "suites": [],
            "tests": [
              {
                "title": "should respond with activeusers",
                "fullTitle": "Approval API: GET /api/users/activeusers should respond with activeusers",
                "timedOut": false,
                "duration": 6,
                "state": "passed",
                "speed": "fast",
                "pass": true,
                "fail": false,
                "pending": false,
                "code": "finalToken = (0, _userIntegration.getToken)();\nvar activeusertoken = (0, _userIntegration.tokenForApproval)();\nvar access_token = \"access_token=\" + activeusertoken;\nconsole.log(finalToken);\nvar reqObj = (0, _supertest2.default)(app);\nvar req = reqObj.get('/api/users/activeusers?' + access_token);\nreq.cookies = finalToken;\nreq.expect(200).expect('Content-Type', /json/).end(function (err, res) {\n  console.log(res.body);\n  if (err) {\n    return done(err);\n  } else {\n    activeuser = res.body;\n    console.log(activeuser);\n  }\n});\ndone();",
                "err": {},
                "isRoot": false,
                "uuid": "83bb1cd4-37c8-45a2-ba16-56e3fea8ad04",
                "parentUUID": "126911b2-b631-4e77-a0f6-94faa2616355",
                "skipped": false
              }
            ],
            "pending": [],
            "root": false,
            "_timeout": 5000,
            "file": "\\server\\api\\approval\\approval.integration.js",
            "uuid": "126911b2-b631-4e77-a0f6-94faa2616355",
            "fullFile": "N:\\Work\\Guwha latest\\guwha\\server\\api\\approval\\approval.integration.js",
            "passes": [
              {
                "title": "should respond with activeusers",
                "fullTitle": "Approval API: GET /api/users/activeusers should respond with activeusers",
                "timedOut": false,
                "duration": 6,
                "state": "passed",
                "speed": "fast",
                "pass": true,
                "fail": false,
                "pending": false,
                "code": "finalToken = (0, _userIntegration.getToken)();\nvar activeusertoken = (0, _userIntegration.tokenForApproval)();\nvar access_token = \"access_token=\" + activeusertoken;\nconsole.log(finalToken);\nvar reqObj = (0, _supertest2.default)(app);\nvar req = reqObj.get('/api/users/activeusers?' + access_token);\nreq.cookies = finalToken;\nreq.expect(200).expect('Content-Type', /json/).end(function (err, res) {\n  console.log(res.body);\n  if (err) {\n    return done(err);\n  } else {\n    activeuser = res.body;\n    console.log(activeuser);\n  }\n});\ndone();",
                "err": {},
                "isRoot": false,
                "uuid": "83bb1cd4-37c8-45a2-ba16-56e3fea8ad04",
                "parentUUID": "126911b2-b631-4e77-a0f6-94faa2616355",
                "skipped": false
              }
            ],
            "failures": [],
            "skipped": [],
            "hasTests": true,
            "hasSuites": false,
            "totalTests": 1,
            "totalPasses": 1,
            "totalFailures": 0,
            "totalPending": 0,
            "totalSkipped": 0,
            "hasPasses": true,
            "hasFailures": false,
            "hasPending": false,
            "hasSkipped": false,
            "duration": 6
          },
          {
            "title": "POST /api/users/getemails",
            "suites": [],
            "tests": [
              {
                "title": "should respond with emailId",
                "fullTitle": "Approval API: POST /api/users/getemails should respond with emailId",
                "timedOut": false,
                "duration": 0,
                "state": "passed",
                "speed": "fast",
                "pass": true,
                "fail": false,
                "pending": false,
                "code": "emailcount == 1;",
                "err": {},
                "isRoot": false,
                "uuid": "4a5cb030-c0ce-4a00-9bda-01813703ce5a",
                "parentUUID": "2b4e2383-31d9-46ee-b6bf-9b0da8af815f",
                "skipped": false
              }
            ],
            "pending": [],
            "root": false,
            "_timeout": 5000,
            "file": "\\server\\api\\approval\\approval.integration.js",
            "uuid": "2b4e2383-31d9-46ee-b6bf-9b0da8af815f",
            "fullFile": "N:\\Work\\Guwha latest\\guwha\\server\\api\\approval\\approval.integration.js",
            "passes": [
              {
                "title": "should respond with emailId",
                "fullTitle": "Approval API: POST /api/users/getemails should respond with emailId",
                "timedOut": false,
                "duration": 0,
                "state": "passed",
                "speed": "fast",
                "pass": true,
                "fail": false,
                "pending": false,
                "code": "emailcount == 1;",
                "err": {},
                "isRoot": false,
                "uuid": "4a5cb030-c0ce-4a00-9bda-01813703ce5a",
                "parentUUID": "2b4e2383-31d9-46ee-b6bf-9b0da8af815f",
                "skipped": false
              }
            ],
            "failures": [],
            "skipped": [],
            "hasTests": true,
            "hasSuites": false,
            "totalTests": 1,
            "totalPasses": 1,
            "totalFailures": 0,
            "totalPending": 0,
            "totalSkipped": 0,
            "hasPasses": true,
            "hasFailures": false,
            "hasPending": false,
            "hasSkipped": false,
            "duration": 0
          },
          {
            "title": "POST /api/users/setVisitor",
            "suites": [],
            "tests": [
              {
                "title": "should respond with visitor creation",
                "fullTitle": "Approval API: POST /api/users/setVisitor should respond with visitor creation",
                "timedOut": false,
                "duration": 3,
                "state": "passed",
                "speed": "fast",
                "pass": true,
                "fail": false,
                "pending": false,
                "code": "finalToken = (0, _userIntegration.getToken)();\nvar req = (0, _supertest2.default)(app).post('/api/users/setVisitor');\nreq.cookies = finalToken;\nreq.send({\n  houseNumber: 'mbrs-222'\n}).expect(200).end(function (err, res) {\n  if (err) {\n    return err;\n  }\n});\ndone();",
                "err": {},
                "isRoot": false,
                "uuid": "8018a10d-9e67-47fb-b7eb-0925869cf6d2",
                "parentUUID": "e53db804-fbc3-4051-8095-40983be89bd8",
                "skipped": false
              }
            ],
            "pending": [],
            "root": false,
            "_timeout": 5000,
            "file": "\\server\\api\\approval\\approval.integration.js",
            "uuid": "e53db804-fbc3-4051-8095-40983be89bd8",
            "fullFile": "N:\\Work\\Guwha latest\\guwha\\server\\api\\approval\\approval.integration.js",
            "passes": [
              {
                "title": "should respond with visitor creation",
                "fullTitle": "Approval API: POST /api/users/setVisitor should respond with visitor creation",
                "timedOut": false,
                "duration": 3,
                "state": "passed",
                "speed": "fast",
                "pass": true,
                "fail": false,
                "pending": false,
                "code": "finalToken = (0, _userIntegration.getToken)();\nvar req = (0, _supertest2.default)(app).post('/api/users/setVisitor');\nreq.cookies = finalToken;\nreq.send({\n  houseNumber: 'mbrs-222'\n}).expect(200).end(function (err, res) {\n  if (err) {\n    return err;\n  }\n});\ndone();",
                "err": {},
                "isRoot": false,
                "uuid": "8018a10d-9e67-47fb-b7eb-0925869cf6d2",
                "parentUUID": "e53db804-fbc3-4051-8095-40983be89bd8",
                "skipped": false
              }
            ],
            "failures": [],
            "skipped": [],
            "hasTests": true,
            "hasSuites": false,
            "totalTests": 1,
            "totalPasses": 1,
            "totalFailures": 0,
            "totalPending": 0,
            "totalSkipped": 0,
            "hasPasses": true,
            "hasFailures": false,
            "hasPending": false,
            "hasSkipped": false,
            "duration": 3
          }
        ],
        "tests": [],
        "pending": [],
        "root": false,
        "_timeout": 5000,
        "file": "\\server\\api\\approval\\approval.integration.js",
        "uuid": "879607dc-c8f4-4a24-9f31-fb3f1f051253",
        "fullFile": "N:\\Work\\Guwha latest\\guwha\\server\\api\\approval\\approval.integration.js",
        "passes": [],
        "failures": [],
        "skipped": [],
        "hasTests": false,
        "hasSuites": true,
        "totalTests": 0,
        "totalPasses": 0,
        "totalFailures": 0,
        "totalPending": 0,
        "totalSkipped": 0,
        "hasPasses": false,
        "hasFailures": false,
        "hasPending": false,
        "hasSkipped": false,
        "duration": 0
      },
      {
        "title": "Employee API:",
        "suites": [
          {
            "title": "POST /api/employees",
            "suites": [],
            "tests": [
              {
                "title": "should respond with the newly created employee",
                "fullTitle": "Employee API: POST /api/employees should respond with the newly created employee",
                "timedOut": false,
                "duration": 3,
                "state": "passed",
                "speed": "fast",
                "pass": true,
                "fail": false,
                "pending": false,
                "code": "newEmployee.firstName.should.equal('security');\nnewEmployee.phoneNumber.should.equal('1234567890');",
                "err": {},
                "isRoot": false,
                "uuid": "19942037-7a2f-4335-8ff2-f9aa88073d50",
                "parentUUID": "a5c3acba-a44c-4139-b10b-2ab35a6ea3d1",
                "skipped": false
              }
            ],
            "pending": [],
            "root": false,
            "_timeout": 5000,
            "file": "\\server\\api\\employee\\employee.integration.js",
            "uuid": "a5c3acba-a44c-4139-b10b-2ab35a6ea3d1",
            "fullFile": "N:\\Work\\Guwha latest\\guwha\\server\\api\\employee\\employee.integration.js",
            "passes": [
              {
                "title": "should respond with the newly created employee",
                "fullTitle": "Employee API: POST /api/employees should respond with the newly created employee",
                "timedOut": false,
                "duration": 3,
                "state": "passed",
                "speed": "fast",
                "pass": true,
                "fail": false,
                "pending": false,
                "code": "newEmployee.firstName.should.equal('security');\nnewEmployee.phoneNumber.should.equal('1234567890');",
                "err": {},
                "isRoot": false,
                "uuid": "19942037-7a2f-4335-8ff2-f9aa88073d50",
                "parentUUID": "a5c3acba-a44c-4139-b10b-2ab35a6ea3d1",
                "skipped": false
              }
            ],
            "failures": [],
            "skipped": [],
            "hasTests": true,
            "hasSuites": false,
            "totalTests": 1,
            "totalPasses": 1,
            "totalFailures": 0,
            "totalPending": 0,
            "totalSkipped": 0,
            "hasPasses": true,
            "hasFailures": false,
            "hasPending": false,
            "hasSkipped": false,
            "duration": 3
          },
          {
            "title": "emplotee token ",
            "suites": [],
            "tests": [
              {
                "title": "token generation",
                "fullTitle": "Employee API: emplotee token  token generation",
                "timedOut": false,
                "duration": 522,
                "state": "passed",
                "speed": "slow",
                "pass": true,
                "fail": false,
                "pending": false,
                "code": "(0, _supertest2.default)(app).post('/auth/local').send({\n        email: 'employee@gmail.com',\n        password: 'security_security'\n      }).expect(200).expect('Content-Type', /json/).end(function (err, res) {\n        var sid = res.headers['set-cookie'].pop().split(';')[0];\n        token = res.body.token;\n        employeeToken = \"connect.sid=\" + sid + \";token=\" + token;\n        done();\n      });",
                "err": {},
                "isRoot": false,
                "uuid": "951b1602-2b69-4e16-8c52-d16f4f4e8ed3",
                "parentUUID": "ff6db1a0-1308-4581-8ca3-93c8c78a6e2b",
                "skipped": false
              }
            ],
            "pending": [],
            "root": false,
            "_timeout": 5000,
            "file": "\\server\\api\\employee\\employee.integration.js",
            "uuid": "ff6db1a0-1308-4581-8ca3-93c8c78a6e2b",
            "fullFile": "N:\\Work\\Guwha latest\\guwha\\server\\api\\employee\\employee.integration.js",
            "passes": [
              {
                "title": "token generation",
                "fullTitle": "Employee API: emplotee token  token generation",
                "timedOut": false,
                "duration": 522,
                "state": "passed",
                "speed": "slow",
                "pass": true,
                "fail": false,
                "pending": false,
                "code": "(0, _supertest2.default)(app).post('/auth/local').send({\n        email: 'employee@gmail.com',\n        password: 'security_security'\n      }).expect(200).expect('Content-Type', /json/).end(function (err, res) {\n        var sid = res.headers['set-cookie'].pop().split(';')[0];\n        token = res.body.token;\n        employeeToken = \"connect.sid=\" + sid + \";token=\" + token;\n        done();\n      });",
                "err": {},
                "isRoot": false,
                "uuid": "951b1602-2b69-4e16-8c52-d16f4f4e8ed3",
                "parentUUID": "ff6db1a0-1308-4581-8ca3-93c8c78a6e2b",
                "skipped": false
              }
            ],
            "failures": [],
            "skipped": [],
            "hasTests": true,
            "hasSuites": false,
            "totalTests": 1,
            "totalPasses": 1,
            "totalFailures": 0,
            "totalPending": 0,
            "totalSkipped": 0,
            "hasPasses": true,
            "hasFailures": false,
            "hasPending": false,
            "hasSkipped": false,
            "duration": 522
          },
          {
            "title": "GET /api/employees",
            "suites": [],
            "tests": [
              {
                "title": "should respond with JSON array",
                "fullTitle": "Employee API: GET /api/employees should respond with JSON array",
                "timedOut": false,
                "duration": 1,
                "state": "passed",
                "speed": "fast",
                "pass": true,
                "fail": false,
                "pending": false,
                "code": "employees.should.be.instanceOf(Array);",
                "err": {},
                "isRoot": false,
                "uuid": "ac3378cf-ff34-4335-b222-8495d6d62d1b",
                "parentUUID": "c91dac6e-8ada-4f13-807b-51f12695101f",
                "skipped": false
              }
            ],
            "pending": [],
            "root": false,
            "_timeout": 5000,
            "file": "\\server\\api\\employee\\employee.integration.js",
            "uuid": "c91dac6e-8ada-4f13-807b-51f12695101f",
            "fullFile": "N:\\Work\\Guwha latest\\guwha\\server\\api\\employee\\employee.integration.js",
            "passes": [
              {
                "title": "should respond with JSON array",
                "fullTitle": "Employee API: GET /api/employees should respond with JSON array",
                "timedOut": false,
                "duration": 1,
                "state": "passed",
                "speed": "fast",
                "pass": true,
                "fail": false,
                "pending": false,
                "code": "employees.should.be.instanceOf(Array);",
                "err": {},
                "isRoot": false,
                "uuid": "ac3378cf-ff34-4335-b222-8495d6d62d1b",
                "parentUUID": "c91dac6e-8ada-4f13-807b-51f12695101f",
                "skipped": false
              }
            ],
            "failures": [],
            "skipped": [],
            "hasTests": true,
            "hasSuites": false,
            "totalTests": 1,
            "totalPasses": 1,
            "totalFailures": 0,
            "totalPending": 0,
            "totalSkipped": 0,
            "hasPasses": true,
            "hasFailures": false,
            "hasPending": false,
            "hasSkipped": false,
            "duration": 1
          },
          {
            "title": "GET /api/employees/:id",
            "suites": [],
            "tests": [
              {
                "title": "should respond with the requested employee",
                "fullTitle": "Employee API: GET /api/employees/:id should respond with the requested employee",
                "timedOut": false,
                "duration": 0,
                "state": "passed",
                "speed": "fast",
                "pass": true,
                "fail": false,
                "pending": false,
                "code": "employee.firstName == 'security';\nemployee.lastName == 'security';",
                "err": {},
                "isRoot": false,
                "uuid": "2a930135-3412-475b-9d6a-2bce53dc4173",
                "parentUUID": "38f59c3b-5527-4f10-8500-182d8b2a5935",
                "skipped": false
              }
            ],
            "pending": [],
            "root": false,
            "_timeout": 5000,
            "file": "\\server\\api\\employee\\employee.integration.js",
            "uuid": "38f59c3b-5527-4f10-8500-182d8b2a5935",
            "fullFile": "N:\\Work\\Guwha latest\\guwha\\server\\api\\employee\\employee.integration.js",
            "passes": [
              {
                "title": "should respond with the requested employee",
                "fullTitle": "Employee API: GET /api/employees/:id should respond with the requested employee",
                "timedOut": false,
                "duration": 0,
                "state": "passed",
                "speed": "fast",
                "pass": true,
                "fail": false,
                "pending": false,
                "code": "employee.firstName == 'security';\nemployee.lastName == 'security';",
                "err": {},
                "isRoot": false,
                "uuid": "2a930135-3412-475b-9d6a-2bce53dc4173",
                "parentUUID": "38f59c3b-5527-4f10-8500-182d8b2a5935",
                "skipped": false
              }
            ],
            "failures": [],
            "skipped": [],
            "hasTests": true,
            "hasSuites": false,
            "totalTests": 1,
            "totalPasses": 1,
            "totalFailures": 0,
            "totalPending": 0,
            "totalSkipped": 0,
            "hasPasses": true,
            "hasFailures": false,
            "hasPending": false,
            "hasSkipped": false,
            "duration": 0
          }
        ],
        "tests": [],
        "pending": [],
        "root": false,
        "_timeout": 5000,
        "file": "\\server\\api\\employee\\employee.integration.js",
        "uuid": "6d6d2f4f-7b6e-44a2-913b-10d0d4b33f55",
        "fullFile": "N:\\Work\\Guwha latest\\guwha\\server\\api\\employee\\employee.integration.js",
        "passes": [],
        "failures": [],
        "skipped": [],
        "hasTests": false,
        "hasSuites": true,
        "totalTests": 0,
        "totalPasses": 0,
        "totalFailures": 0,
        "totalPending": 0,
        "totalSkipped": 0,
        "hasPasses": false,
        "hasFailures": false,
        "hasPending": false,
        "hasSkipped": false,
        "duration": 0
      },
      {
        "title": "Amenity API:",
        "suites": [
          {
            "title": "POST /api/amenities ",
            "suites": [],
            "tests": [
              {
                "title": "should respond with the newly created amenity",
                "fullTitle": "Amenity API: POST /api/amenities  should respond with the newly created amenity",
                "timedOut": false,
                "duration": 0,
                "state": "passed",
                "speed": "fast",
                "pass": true,
                "fail": false,
                "pending": false,
                "code": "newAmenity.amenityName == 'Gym';",
                "err": {},
                "isRoot": false,
                "uuid": "4d966ce5-76de-4760-9ac0-5191c6afcb29",
                "parentUUID": "c65bc48a-4941-4f7e-8e2f-91600503ced5",
                "skipped": false
              }
            ],
            "pending": [],
            "root": false,
            "_timeout": 5000,
            "file": "\\server\\api\\amenity\\amenity.integration.js",
            "uuid": "c65bc48a-4941-4f7e-8e2f-91600503ced5",
            "fullFile": "N:\\Work\\Guwha latest\\guwha\\server\\api\\amenity\\amenity.integration.js",
            "passes": [
              {
                "title": "should respond with the newly created amenity",
                "fullTitle": "Amenity API: POST /api/amenities  should respond with the newly created amenity",
                "timedOut": false,
                "duration": 0,
                "state": "passed",
                "speed": "fast",
                "pass": true,
                "fail": false,
                "pending": false,
                "code": "newAmenity.amenityName == 'Gym';",
                "err": {},
                "isRoot": false,
                "uuid": "4d966ce5-76de-4760-9ac0-5191c6afcb29",
                "parentUUID": "c65bc48a-4941-4f7e-8e2f-91600503ced5",
                "skipped": false
              }
            ],
            "failures": [],
            "skipped": [],
            "hasTests": true,
            "hasSuites": false,
            "totalTests": 1,
            "totalPasses": 1,
            "totalFailures": 0,
            "totalPending": 0,
            "totalSkipped": 0,
            "hasPasses": true,
            "hasFailures": false,
            "hasPending": false,
            "hasSkipped": false,
            "duration": 0
          },
          {
            "title": "POST /api/amenities/deleteAmenity",
            "suites": [],
            "tests": [
              {
                "title": "should respond with the newly created amenity",
                "fullTitle": "Amenity API: POST /api/amenities/deleteAmenity should respond with the newly created amenity",
                "timedOut": false,
                "duration": 0,
                "state": "passed",
                "speed": "fast",
                "pass": true,
                "fail": false,
                "pending": false,
                "code": "//newAmenity.amenityId == 1001;",
                "err": {},
                "isRoot": false,
                "uuid": "fa826bb5-7304-43d7-9c4a-00777e532a46",
                "parentUUID": "cc9e3b20-6122-4fb5-acc6-39c70f463bfe",
                "skipped": false
              }
            ],
            "pending": [],
            "root": false,
            "_timeout": 5000,
            "file": "\\server\\api\\amenity\\amenity.integration.js",
            "uuid": "cc9e3b20-6122-4fb5-acc6-39c70f463bfe",
            "fullFile": "N:\\Work\\Guwha latest\\guwha\\server\\api\\amenity\\amenity.integration.js",
            "passes": [
              {
                "title": "should respond with the newly created amenity",
                "fullTitle": "Amenity API: POST /api/amenities/deleteAmenity should respond with the newly created amenity",
                "timedOut": false,
                "duration": 0,
                "state": "passed",
                "speed": "fast",
                "pass": true,
                "fail": false,
                "pending": false,
                "code": "//newAmenity.amenityId == 1001;",
                "err": {},
                "isRoot": false,
                "uuid": "fa826bb5-7304-43d7-9c4a-00777e532a46",
                "parentUUID": "cc9e3b20-6122-4fb5-acc6-39c70f463bfe",
                "skipped": false
              }
            ],
            "failures": [],
            "skipped": [],
            "hasTests": true,
            "hasSuites": false,
            "totalTests": 1,
            "totalPasses": 1,
            "totalFailures": 0,
            "totalPending": 0,
            "totalSkipped": 0,
            "hasPasses": true,
            "hasFailures": false,
            "hasPending": false,
            "hasSkipped": false,
            "duration": 0
          }
        ],
        "tests": [],
        "pending": [],
        "root": false,
        "_timeout": 5000,
        "file": "\\server\\api\\amenity\\amenity.integration.js",
        "uuid": "c6f3e828-43fb-4507-ae9d-ee8900a4ccce",
        "fullFile": "N:\\Work\\Guwha latest\\guwha\\server\\api\\amenity\\amenity.integration.js",
        "passes": [],
        "failures": [],
        "skipped": [],
        "hasTests": false,
        "hasSuites": true,
        "totalTests": 0,
        "totalPasses": 0,
        "totalFailures": 0,
        "totalPending": 0,
        "totalSkipped": 0,
        "hasPasses": false,
        "hasFailures": false,
        "hasPending": false,
        "hasSkipped": false,
        "duration": 0
      },
      {
        "title": "Complaint API:",
        "suites": [
          {
            "title": "resident token generation",
            "suites": [],
            "tests": [
              {
                "title": "resident token generation",
                "fullTitle": "Complaint API: resident token generation resident token generation",
                "timedOut": false,
                "duration": 499,
                "state": "passed",
                "speed": "slow",
                "pass": true,
                "fail": false,
                "pending": false,
                "code": "(0, _supertest2.default)(app).post('/auth/local').send({\n  email: 'resident@guwha.com',\n  password: 'password'\n}).expect(200).end(function (err, res) {\n  var sid = res.headers['set-cookie'].pop().split(';')[0];\n  token = res.body.token;\n  residentToken = \"connect.sid=\" + sid + \";token=\" + token;\n  done();\n});",
                "err": {},
                "isRoot": false,
                "uuid": "1862457f-10b3-4541-ac05-34ba9b113bde",
                "parentUUID": "8168fb48-7eb6-4991-85ff-81e358135d36",
                "skipped": false
              }
            ],
            "pending": [],
            "root": false,
            "_timeout": 5000,
            "file": "\\server\\api\\complaint\\complaint.integration.js",
            "uuid": "8168fb48-7eb6-4991-85ff-81e358135d36",
            "fullFile": "N:\\Work\\Guwha latest\\guwha\\server\\api\\complaint\\complaint.integration.js",
            "passes": [
              {
                "title": "resident token generation",
                "fullTitle": "Complaint API: resident token generation resident token generation",
                "timedOut": false,
                "duration": 499,
                "state": "passed",
                "speed": "slow",
                "pass": true,
                "fail": false,
                "pending": false,
                "code": "(0, _supertest2.default)(app).post('/auth/local').send({\n  email: 'resident@guwha.com',\n  password: 'password'\n}).expect(200).end(function (err, res) {\n  var sid = res.headers['set-cookie'].pop().split(';')[0];\n  token = res.body.token;\n  residentToken = \"connect.sid=\" + sid + \";token=\" + token;\n  done();\n});",
                "err": {},
                "isRoot": false,
                "uuid": "1862457f-10b3-4541-ac05-34ba9b113bde",
                "parentUUID": "8168fb48-7eb6-4991-85ff-81e358135d36",
                "skipped": false
              }
            ],
            "failures": [],
            "skipped": [],
            "hasTests": true,
            "hasSuites": false,
            "totalTests": 1,
            "totalPasses": 1,
            "totalFailures": 0,
            "totalPending": 0,
            "totalSkipped": 0,
            "hasPasses": true,
            "hasFailures": false,
            "hasPending": false,
            "hasSkipped": false,
            "duration": 499
          },
          {
            "title": "POST /api/complaints",
            "suites": [],
            "tests": [
              {
                "title": "should respond with the newly created complaint",
                "fullTitle": "Complaint API: POST /api/complaints should respond with the newly created complaint",
                "timedOut": false,
                "duration": 0,
                "state": "passed",
                "speed": "fast",
                "pass": true,
                "fail": false,
                "pending": false,
                "code": "newComplaint.title == 'Complaint1';\nnewComplaint.complaintdescription == 'description1';",
                "err": {},
                "isRoot": false,
                "uuid": "61eaeaab-6e0a-4c85-8c1d-7ff4ed539917",
                "parentUUID": "198ceedf-6376-4c2e-a8df-ba888f9c0f3b",
                "skipped": false
              }
            ],
            "pending": [],
            "root": false,
            "_timeout": 5000,
            "file": "\\server\\api\\complaint\\complaint.integration.js",
            "uuid": "198ceedf-6376-4c2e-a8df-ba888f9c0f3b",
            "fullFile": "N:\\Work\\Guwha latest\\guwha\\server\\api\\complaint\\complaint.integration.js",
            "passes": [
              {
                "title": "should respond with the newly created complaint",
                "fullTitle": "Complaint API: POST /api/complaints should respond with the newly created complaint",
                "timedOut": false,
                "duration": 0,
                "state": "passed",
                "speed": "fast",
                "pass": true,
                "fail": false,
                "pending": false,
                "code": "newComplaint.title == 'Complaint1';\nnewComplaint.complaintdescription == 'description1';",
                "err": {},
                "isRoot": false,
                "uuid": "61eaeaab-6e0a-4c85-8c1d-7ff4ed539917",
                "parentUUID": "198ceedf-6376-4c2e-a8df-ba888f9c0f3b",
                "skipped": false
              }
            ],
            "failures": [],
            "skipped": [],
            "hasTests": true,
            "hasSuites": false,
            "totalTests": 1,
            "totalPasses": 1,
            "totalFailures": 0,
            "totalPending": 0,
            "totalSkipped": 0,
            "hasPasses": true,
            "hasFailures": false,
            "hasPending": false,
            "hasSkipped": false,
            "duration": 0
          },
          {
            "title": "GET /api/complaints",
            "suites": [],
            "tests": [
              {
                "title": "should respond with JSON array",
                "fullTitle": "Complaint API: GET /api/complaints should respond with JSON array",
                "timedOut": false,
                "duration": 0,
                "state": "passed",
                "speed": "fast",
                "pass": true,
                "fail": false,
                "pending": false,
                "code": "// complaints.should.be.instanceOf(Array);",
                "err": {},
                "isRoot": false,
                "uuid": "3cc6e524-f938-4105-8bbf-277abe553882",
                "parentUUID": "66672027-3c38-4271-8be3-5fa7a42cade1",
                "skipped": false
              }
            ],
            "pending": [],
            "root": false,
            "_timeout": 5000,
            "file": "\\server\\api\\complaint\\complaint.integration.js",
            "uuid": "66672027-3c38-4271-8be3-5fa7a42cade1",
[...]
      "code": "//newComment.name.should.equal('New Comment');\n//newComment.threadId == 2001;",
      "err": {},
      "isRoot": false,
      "uuid": "24f75b8d-45d8-457d-9b3a-9f388d727710",
      "parentUUID": "438fe7b3-4534-43d5-b2ce-08b8a87794d2",
      "skipped": false
    },
    {
      "title": "should respond with the newly created comment",
      "fullTitle": "POST /api/comments/previousThreadComments should respond with the newly created comment",
      "timedOut": false,
      "duration": 0,
      "state": "passed",
      "speed": "fast",
      "pass": true,
      "fail": false,
      "pending": false,
      "code": "//newComment.name.should.equal('New Comment');\n//newComment.threadId == 2001;",
      "err": {},
      "isRoot": false,
      "uuid": "4ff74fc7-6aca-42fd-96fe-07c8377b8dac",
      "parentUUID": "8ec66114-2864-482f-ab70-b69d5880049b",
      "skipped": false
    },
    {
      "title": "should respond with the newly created comment",
      "fullTitle": "POST /api/comments/commentsCreate should respond with the newly created comment",
      "timedOut": false,
      "duration": 0,
      "state": "passed",
      "speed": "fast",
      "pass": true,
      "fail": false,
      "pending": false,
      "code": "//newComment.name.should.equal('New Comment');\n//newComment.complaintId == 2001;",
      "err": {},
      "isRoot": false,
      "uuid": "4a8a5f18-15a1-4987-b241-a164e78a60f8",
      "parentUUID": "95cfc168-00f0-4e61-8d16-d4abe04635dc",
      "skipped": false
    },
    {
      "title": "should respond with the newly created comment",
      "fullTitle": "POST /api/comments/commentsHistory should respond with the newly created comment",
      "timedOut": false,
      "duration": 0,
      "state": "passed",
      "speed": "fast",
      "pass": true,
      "fail": false,
      "pending": false,
      "code": "//newComment.name.should.equal('New Comment');\nnewComment.complaintId == 2001;",
      "err": {},
      "isRoot": false,
      "uuid": "4986b479-e222-43f7-a271-aefe71463c35",
      "parentUUID": "7466fb93-8b92-445f-b6f1-d84147cb3c7e",
      "skipped": false
    },
    {
      "title": "should respond with the category",
      "fullTitle": "GET  /api/billservices/getservice should respond with the category",
      "timedOut": false,
      "duration": 0,
      "state": "passed",
      "speed": "fast",
      "pass": true,
      "fail": false,
      "pending": false,
      "code": "billservices.category == \"Electricity\";",
      "err": {},
      "isRoot": false,
      "uuid": "e0a70e62-a0c9-4f69-a320-6044de5a5e44",
      "parentUUID": "1b00f94a-74cb-448f-8ffc-005f6a311efd",
      "skipped": false
    },
    {
      "title": "should respond with the newly created billservice",
      "fullTitle": "POST /api/billservices/userSelectedCategory should respond with the newly created billservice",
      "timedOut": false,
      "duration": 1,
      "state": "passed",
      "speed": "fast",
      "pass": true,
      "fail": false,
      "pending": false,
      "code": "newBillservice.category == 'Prepaid';",
      "err": {},
      "isRoot": false,
      "uuid": "89be0c45-7df0-4103-b758-85fa3a99d850",
      "parentUUID": "5f89e46c-8742-4863-bc23-d1c9531ed437",
      "skipped": false
    },
    {
      "title": "should respond with the newly created billservice",
      "fullTitle": "POST /api/billservices/userSelectedoperator should respond with the newly created billservice",
      "timedOut": false,
      "duration": 0,
      "state": "passed",
      "speed": "fast",
      "pass": true,
      "fail": false,
      "pending": false,
      "code": "//console.log(\"++++++++++++++++++++++ 6454545454=========================\" + newBillservice.billServiceId);\nnewBillservice.billServiceId == 1;",
      "err": {},
      "isRoot": false,
      "uuid": "dd796056-f8a3-48ec-a958-f5c93e0aa70f",
      "parentUUID": "5b113efc-906b-41ff-aabb-41a62a630e76",
      "skipped": false
    },
    {
      "title": "should respond with the requested userbillservice",
      "fullTitle": "POST/api/userbillservices/saveBillservice should respond with the requested userbillservice",
      "timedOut": false,
      "duration": 0,
      "state": "passed",
      "speed": "fast",
      "pass": true,
      "fail": false,
      "pending": false,
      "code": "userbillservice.uniqueId = '8374141174';\nuserbillservice.operator = 'Airtel';\nuserbillservice.Category = 'Prepaid';\n// userbillservice.info.should.equal('This is the brand new userbillservice!!!');",
      "err": {},
      "isRoot": false,
      "uuid": "e411d6d4-3058-4eb9-8c74-80b30e240df4",
      "parentUUID": "caf67b0d-fccf-4ec8-88b3-634a42bdc5b7",
      "skipped": false
    },
    {
      "title": "should respond with JSON array",
      "fullTitle": "GET /api/userbillservices should respond with JSON array",
      "timedOut": false,
      "duration": 0,
      "state": "passed",
      "speed": "fast",
      "pass": true,
      "fail": false,
      "pending": false,
      "code": "userbillservices.should.be.instanceOf(Array);",
      "err": {},
      "isRoot": false,
      "uuid": "05ffc82b-e6ea-4e51-827d-8a67d066f7bf",
      "parentUUID": "647ca5c5-9243-4de2-a4a8-eb5132690659",
      "skipped": false
    },
    {
      "title": "should respond with the newly created userbillservice",
      "fullTitle": "POST /api/userbillservices/getbills should respond with the newly created userbillservice",
      "timedOut": false,
      "duration": 0,
      "state": "passed",
      "speed": "fast",
      "pass": true,
      "fail": false,
      "pending": false,
      "code": "newUserbillservice.Category == 'Prepaid';\n// newUserbillservice.info.should.equal('This is the brand new userbillservice!!!');",
      "err": {},
      "isRoot": false,
      "uuid": "1a0459db-87b0-4211-8d4e-fa6026befd2e",
      "parentUUID": "5cb2866d-f140-41f6-8f31-ec70a3c1a6b4",
      "skipped": false
    },
    {
      "title": "should respond with the updated userbillservice",
      "fullTitle": "POST/api/userbillservices/updateUserBillDetails should respond with the updated userbillservice",
      "timedOut": false,
      "duration": 0,
      "state": "passed",
      "speed": "fast",
      "pass": true,
      "fail": false,
      "pending": false,
      "code": "updatedUserbillservice.uniqueId = '8374141175';\nupdatedUserbillservice.operator = 'Idea';\nupdatedUserbillservice.Category = 'Prepaid';",
      "err": {},
      "isRoot": false,
      "uuid": "03148d6e-c302-4459-b1a7-ce3a04182273",
      "parentUUID": "75c3cff8-9b9c-4ecb-8641-4d130224f69f",
      "skipped": false
    },
    {
      "title": "should respond with the newly created history",
      "fullTitle": "POST /api/historys/getComplaintHistory should respond with the newly created history",
      "timedOut": false,
      "duration": 0,
      "state": "passed",
      "speed": "fast",
      "pass": true,
      "fail": false,
      "pending": false,
      "code": "newHistory.complaintId == 1012;\n// newHistory.info.should.equal('This is the brand new history!!!');",
      "err": {},
      "isRoot": false,
      "uuid": "24b68741-ccec-4cdd-977c-86cacf637a6e",
      "parentUUID": "e282d924-cd44-4df3-9eca-aa27df599a97",
      "skipped": false
    },
    {
      "title": "should respond with the newly created expense",
      "fullTitle": "POST /api/expenses/expensetypeInfo should respond with the newly created expense",
      "timedOut": false,
      "duration": 0,
      "state": "passed",
      "speed": "fast",
      "pass": true,
      "fail": false,
      "pending": false,
      "code": "// newExpense.category.should.equal('Transportation');\n// newExpense.info.should.equal('This is the brand new expense!!!');",
      "err": {},
      "isRoot": false,
      "uuid": "6433ca95-ea50-44d3-b5a3-6794a3fc90ac",
      "parentUUID": "f801a557-ef52-49ed-9afd-e5282abd446d",
      "skipped": false
    },
    {
      "title": "should respond with the newly created expense",
      "fullTitle": "POST /api/expenses/expenseSaved should respond with the newly created expense",
      "timedOut": false,
      "duration": 0,
      "state": "passed",
      "speed": "fast",
      "pass": true,
      "fail": false,
      "pending": false,
      "code": "newExpense.comments.should.equal('Very Good');\n// newExpense.info.should.equal('This is the brand new expense!!!');",
      "err": {},
      "isRoot": false,
      "uuid": "b1009366-5d87-4d5c-b233-140e639ad40c",
      "parentUUID": "5e09256a-d9f7-4adb-9c0f-69d673b1adf1",
      "skipped": false
    },
    {
      "title": "should respond with the newly created expense",
      "fullTitle": "POST /api/expenses/expensesDetailsMonthly should respond with the newly created expense",
      "timedOut": false,
      "duration": 0,
      "state": "passed",
      "speed": "fast",
      "pass": true,
      "fail": false,
      "pending": false,
      "code": "// newExpense.comments.should.equal('Very Good');\n// newExpense.info.should.equal('This is the brand new expense!!!');",
      "err": {},
      "isRoot": false,
      "uuid": "a1108c2b-2e8f-4f10-9d25-357a69d06607",
      "parentUUID": "3e17dfd4-eb4f-42e9-8c9f-8d7fd4273dc2",
      "skipped": false
    },
    {
      "title": "should respond with the newly created expense",
      "fullTitle": "POST /api/expenses/communityExpenses should respond with the newly created expense",
      "timedOut": false,
      "duration": 0,
      "state": "passed",
      "speed": "fast",
      "pass": true,
      "fail": false,
      "pending": false,
      "code": "// newExpense.comments.should.equal('Very Good');\n// newExpense.info.should.equal('This is the brand new expense!!!');",
      "err": {},
      "isRoot": false,
      "uuid": "847ac759-ea35-4c13-8c87-38ca160bc955",
      "parentUUID": "86b28d79-240f-40ec-bb0a-af42e5297b54",
      "skipped": false
    },
    {
      "title": "should respond with the newly created expense",
      "fullTitle": "GET /api/expenses/gettingexpensesInfo should respond with the newly created expense",
      "timedOut": false,
      "duration": 0,
      "state": "passed",
      "speed": "fast",
      "pass": true,
      "fail": false,
      "pending": false,
      "code": "// newExpense.comments.should.equal('Very Good');\n// newExpense.info.should.equal('This is the brand new expense!!!');",
      "err": {},
      "isRoot": false,
      "uuid": "93d0c05c-a720-4c05-a241-73ed580bf34b",
      "parentUUID": "0094c403-4d51-4573-bc0c-d9803975dad4",
      "skipped": false
    },
    {
      "title": "should respond with JSON array",
      "fullTitle": "GET /api/communitymembersmappings/communitymemberslist should respond with JSON array",
      "timedOut": false,
      "duration": 1,
      "state": "passed",
      "speed": "fast",
      "pass": true,
      "fail": false,
      "pending": false,
      "code": "// communitymembersmappings.should.be.instanceOf(Array);",
      "err": {},
      "isRoot": false,
      "uuid": "331b22c8-07b5-403b-aa0e-4eaf0e1369dd",
      "parentUUID": "7f194d7c-c94b-4616-9261-84a7eba214b8",
      "skipped": false
    },
    {
      "title": "should respond with the newly created communitymembersmapping",
      "fullTitle": "POST /api/communitymembersmappings/updatememberslist should respond with the newly created communitymembersmapping",
      "timedOut": false,
      "duration": 0,
      "state": "passed",
      "speed": "fast",
      "pass": true,
      "fail": false,
      "pending": false,
      "code": "// newCommunitymembersmapping.name.should.equal('New Communitymembersmapping');\n// newCommunitymembersmapping.info.should.equal('This is the brand new communitymembersmapping!!!');",
      "err": {},
      "isRoot": false,
      "uuid": "a21ce502-8375-4bf9-9c4e-1c9819d9a006",
      "parentUUID": "cdb5bfe8-fdef-4488-ab6c-26832ad03266",
      "skipped": false
    },
    {
      "title": "should respond with the newly created visitor",
      "fullTitle": "POST /api/visitors/create should respond with the newly created visitor",
      "timedOut": false,
      "duration": 0,
      "state": "passed",
      "speed": "fast",
      "pass": true,
      "fail": false,
      "pending": false,
      "code": "newVisitor.name == \"zuber\";\nnewVisitor.vehicleNo == \"Ap25464\";\nnewVisitor.flatNo == \"202\";",
      "err": {},
      "isRoot": false,
      "uuid": "eab6c3e6-b245-4687-8063-3362b88c16d2",
      "parentUUID": "52828230-df99-4456-adf0-5ef55726b6bc",
      "skipped": false
    },
    {
      "title": "should respond with JSON array",
      "fullTitle": "GET /api/visitors should respond with JSON array",
      "timedOut": false,
      "duration": 1,
      "state": "passed",
      "speed": "fast",
      "pass": true,
      "fail": false,
      "pending": false,
      "code": "// visitors.outTime == null;",
      "err": {},
      "isRoot": false,
      "uuid": "075e62a6-89a2-40cb-9874-16802e37a9e3",
      "parentUUID": "e63952c0-8ff1-407b-962c-2c7bb56b9c3c",
      "skipped": false
    },
    {
      "title": "should respond with JSON array",
      "fullTitle": "GET /api/visitors/getHighestVisitors should respond with JSON array",
      "timedOut": false,
      "duration": 0,
      "state": "passed",
      "speed": "fast",
      "pass": true,
      "fail": false,
      "pending": false,
      "code": "// visitors.outTime == null;",
      "err": {},
      "isRoot": false,
      "uuid": "0c4c17f0-c538-465a-9b55-fa8e98c43169",
      "parentUUID": "fb2fd071-f70c-4e1d-8ea8-20bb8dbc6070",
      "skipped": false
    },
    {
      "title": "should respond with the newly created visitor",
      "fullTitle": "POST /api/visitors/getSkippedVisitors should respond with the newly created visitor",
      "timedOut": false,
      "duration": 0,
      "state": "passed",
      "speed": "fast",
      "pass": true,
      "fail": false,
      "pending": false,
      "code": "// visitors.name == 'zuber';",
      "err": {},
      "isRoot": false,
      "uuid": "5b582808-fb34-42d1-93d3-987400fc894e",
      "parentUUID": "7dfcf07c-9a49-48b2-a81e-4a56317c5d6b",
      "skipped": false
    },
    {
      "title": "should respond with the newly created visitor",
      "fullTitle": "POST /api/visitors/userSkippedVisitors should respond with the newly created visitor",
      "timedOut": false,
      "duration": 0,
      "state": "passed",
      "speed": "fast",
      "pass": true,
      "fail": false,
      "pending": false,
      "code": "// visitors.name == 'zuber';",
      "err": {},
      "isRoot": false,
      "uuid": "e052b215-b157-40a4-bc20-9be2f60e6148",
      "parentUUID": "eb6725f7-e21a-4c90-a881-d02997036234",
      "skipped": false
    },
    {
      "title": "should respond with the newly created visitor",
      "fullTitle": "POST /api/visitors/updatetime should respond with the newly created visitor",
      "timedOut": false,
      "duration": 0,
      "state": "passed",
      "speed": "fast",
      "pass": true,
      "fail": false,
      "pending": false,
      "code": "visitors.visitorId == newVisitor.visitorId;",
      "err": {},
      "isRoot": false,
      "uuid": "4017592f-2b2a-4851-980c-d8b031970c52",
      "parentUUID": "e50b3c98-a4cc-41dc-bf61-c70b41431f92",
      "skipped": false
    },
    {
      "title": "should respond with the newly created visitor",
      "fullTitle": "POST /api/visitors/visitors should respond with the newly created visitor",
      "timedOut": false,
      "duration": 0,
      "state": "passed",
      "speed": "fast",
      "pass": true,
      "fail": false,
      "pending": false,
      "code": "// visitors.visitorId == newVisitor.visitorId;",
      "err": {},
      "isRoot": false,
      "uuid": "9b10a006-a1ea-400b-8926-a9444c382476",
      "parentUUID": "7ef03a49-3c0c-4c8f-9242-b0358a8693c4",
      "skipped": false
    },
    {
      "title": "should respond with 204 on successful removal",
      "fullTitle": "POST /api/visitors/deleteVisitor should respond with 204 on successful removal",
      "timedOut": false,
      "duration": 454,
      "state": "passed",
      "speed": "slow",
      "pass": true,
      "fail": false,
      "pending": false,
      "code": "var communityAdminToken = (0, _userIntegration.getToken)();\nvar req = (0, _supertest2.default)(app).post('/api/visitors/deleteVisitor');\nreq.cookies = communityAdminToken;\nreq.send({\n  visitorId: newVisitor.visitorId\n}).expect(204).end(function (err, res) {\n  if (err) {\n    return done(err);\n  }\n  done();\n});",
      "err": {},
      "isRoot": false,
      "uuid": "81a02527-7ac0-4e51-9eb5-23bb7eeb3b47",
      "parentUUID": "49a3895d-b732-4704-bcef-a33da7f68ea1",
      "skipped": false
    }
  ],
  "allFailures": [
    {
      "title": "\"before each\" hook for \"should respond with the newly created communitymembersmapping\"",
      "fullTitle": "POST /api/communitymembersmappings/createmember \"before each\" hook for \"should respond with the newly created communitymembersmapping\"",
      "timedOut": false,
      "duration": 231,
      "state": "failed",
      "pass": false,
      "fail": true,
      "pending": false,
      "code": "var communityAdmin = (0, _complaintIntegration.residentDetails)();\nvar req = (0, _supertest2.default)(app).post('/api/communitymembersmappings/createmember');\nreq.cookies = communityAdmin;\nreq.send({\n  // fromDate: new Date(\"2016-12-01T01:00:00.000-06:30\"),\n  // toDate: new Date(\"2016-12-14\"),\n  name: 'als',\n  emailId: 'als23@guwha.com',\n  userId: 1012,\n  phoneNumber: '9632587410',\n  roleType: 'Secretary'\n});\nreq.expect(201)\n// .expect('Content-Type', /json/)\n.end(function (err, res) {\n  if (err) {\n    console.log(err);\n    return done(err);\n  }\n  console.log(res.body);\n  newCommunitymembersmapping = res.body;\n  done();\n});",
      "err": {
        "estack": "Error: expected 201 \"Created\", got 500 \"Internal Server Error\"\n  at Test._assertStatus (N:\\Work\\Guwha latest\\guwha\\node_modules\\supertest\\lib\\test.js:232:12)\n  at Test._assertFunction (N:\\Work\\Guwha latest\\guwha\\node_modules\\supertest\\lib\\test.js:247:11)\n  at Test.assert (N:\\Work\\Guwha latest\\guwha\\node_modules\\supertest\\lib\\test.js:148:18)\n  at Server.assert (N:\\Work\\Guwha latest\\guwha\\node_modules\\supertest\\lib\\test.js:127:12)\n  at emitCloseNT (net.js:1537:8)\n"
      },
      "isRoot": false,
      "uuid": "acd3c674-09d4-480d-874f-07d28415489a",
      "parentUUID": "26725299-93d4-4f9f-be24-1723691d0449",
      "skipped": false
    },
    {
      "title": "\"before each\" hook for \"should respond with JSON array\"",
      "fullTitle": "GET /api/communitymembersmappings/membersCount \"before each\" hook for \"should respond with JSON array\"",
      "timedOut": false,
      "duration": 448,
      "state": "failed",
      "pass": false,
      "fail": true,
      "pending": false,
      "code": "var req = (0, _supertest2.default)(app).get('/api/communitymembersmappings/membersCount');\nvar admin = (0, _complaintIntegration.residentDetails)();\nreq.cookies = admin;\nreq.expect(200)\n// .expect('Content-Type', /json/)\n.end(function (err, res) {\n  if (err) {\n    // console.log(err)\n    return done(err);\n  }console.log(res.body);\n  communitymembersmappings = res.body;\n  done();\n});",
      "err": {
        "estack": "Error: expected 200 \"OK\", got 404 \"Not Found\"\n  at Test._assertStatus (N:\\Work\\Guwha latest\\guwha\\node_modules\\supertest\\lib\\test.js:232:12)\n  at Test._assertFunction (N:\\Work\\Guwha latest\\guwha\\node_modules\\supertest\\lib\\test.js:247:11)\n  at Test.assert (N:\\Work\\Guwha latest\\guwha\\node_modules\\supertest\\lib\\test.js:148:18)\n  at Server.assert (N:\\Work\\Guwha latest\\guwha\\node_modules\\supertest\\lib\\test.js:127:12)\n  at emitCloseNT (net.js:1537:8)\n"
      },
      "isRoot": false,
      "uuid": "593811b6-dc82-4347-9ce6-5afd27e505c0",
      "parentUUID": "ff4e9c21-2674-4c89-a01c-01a83a880a96",
      "skipped": false
    }
  ],
  "copyrightYear": 2017
}